2021.01.10 00:51:41 INFO  Started: Metals version 0.9.8 in workspace 'C:\Users\selcuk\Desktop\apache-spark' for client vscode.
2021.01.10 00:51:42 INFO  time: initialize in 1.61s
2021.01.10 00:51:45 WARN  Build server is not auto-connectable.
2021.01.10 00:51:45 WARN  no build tool detected in workspace 'C:\Users\selcuk\Desktop\apache-spark'. The most common cause for this problem is that the editor was opened in the wrong working directory, for example if you use sbt then the workspace directory should contain build.sbt. 
2021.01.10 00:51:45 WARN  no build target for: C:\Users\selcuk\Desktop\apache-spark\denemeScala.scala
2021.01.10 00:51:56 INFO  no build target: using presentation compiler with only scala-library
Jan 10, 2021 12:59:15 AM org.eclipse.lsp4j.jsonrpc.RemoteEndpoint handleNotification
WARNING: Notification threw an exception: {
  "jsonrpc": "2.0",
  "method": "metals/didFocusTextDocument",
  "params": "git:/c%3A/Users/selcuk/Desktop/apache-spark/scala%20temel%201/src/main/scala/scalaTemel/Maths.scala?%7B%22path%22%3A%22c%3A%5C%5CUsers%5C%5Cselcuk%5C%5CDesktop%5C%5Capache-spark%5C%5Cscala%20temel%201%5C%5Csrc%5C%5Cmain%5C%5Cscala%5C%5CscalaTemel%5C%5CMaths.scala%22%2C%22ref%22%3A%22%22%7D"
}
java.lang.RuntimeException: java.lang.reflect.InvocationTargetException
	at org.eclipse.lsp4j.jsonrpc.services.GenericEndpoint.lambda$null$0(GenericEndpoint.java:67)
	at org.eclipse.lsp4j.jsonrpc.services.GenericEndpoint.notify(GenericEndpoint.java:152)
	at org.eclipse.lsp4j.jsonrpc.RemoteEndpoint.handleNotification(RemoteEndpoint.java:220)
	at org.eclipse.lsp4j.jsonrpc.RemoteEndpoint.consume(RemoteEndpoint.java:187)
	at org.eclipse.lsp4j.jsonrpc.json.StreamMessageProducer.handleMessage(StreamMessageProducer.java:194)
	at org.eclipse.lsp4j.jsonrpc.json.StreamMessageProducer.listen(StreamMessageProducer.java:94)
	at org.eclipse.lsp4j.jsonrpc.json.ConcurrentMessageProcessor.run(ConcurrentMessageProcessor.java:113)
	at java.util.concurrent.Executors$RunnableAdapter.call(Executors.java:511)
	at java.util.concurrent.FutureTask.run(FutureTask.java:266)
	at java.util.concurrent.ThreadPoolExecutor.runWorker(ThreadPoolExecutor.java:1149)
	at java.util.concurrent.ThreadPoolExecutor$Worker.run(ThreadPoolExecutor.java:624)
	at java.lang.Thread.run(Thread.java:748)
Caused by: java.lang.reflect.InvocationTargetException
	at sun.reflect.NativeMethodAccessorImpl.invoke0(Native Method)
	at sun.reflect.NativeMethodAccessorImpl.invoke(NativeMethodAccessorImpl.java:62)
	at sun.reflect.DelegatingMethodAccessorImpl.invoke(DelegatingMethodAccessorImpl.java:43)
	at java.lang.reflect.Method.invoke(Method.java:498)
	at org.eclipse.lsp4j.jsonrpc.services.GenericEndpoint.lambda$null$0(GenericEndpoint.java:65)
	... 11 more
Caused by: java.nio.file.FileSystemNotFoundException: Provider "git" not installed
	at java.nio.file.Paths.get(Paths.java:147)
	at scala.meta.internal.metals.MetalsEnrichments$XtensionString.toAbsolutePath(MetalsEnrichments.scala:440)
	at scala.meta.internal.metals.MetalsEnrichments$XtensionString.toAbsolutePath(MetalsEnrichments.scala:437)
	at scala.meta.internal.metals.MetalsLanguageServer.didFocus(MetalsLanguageServer.scala:919)
	... 16 more

2021.01.10 14:34:43 INFO  shutting down Metals
2021.01.10 17:21:24 INFO  Started: Metals version 0.9.8 in workspace 'C:\Users\selcuk\Desktop\apache-spark' for client vscode.
2021.01.10 17:21:25 INFO  time: initialize in 0.56s
2021.01.10 17:21:31 WARN  Build server is not auto-connectable.
2021.01.10 17:21:31 WARN  no build tool detected in workspace 'C:\Users\selcuk\Desktop\apache-spark'. The most common cause for this problem is that the editor was opened in the wrong working directory, for example if you use sbt then the workspace directory should contain build.sbt. 
